04-29-2025 23:03:54.465,-,API,"White Antenna,0013A20041067F53,XBee PRO 900HP 10K,1075,COM11 - 9600/8/N/1/N,8,35"

04-29-2025 22:55:31.651,0,RECV,7E004C900013A2004182CCB2FFFE42322C342C31382C34312C32382C3130373837322C2D2C2D2C2D2C2D2C2D2C2D2C2D2C2D2C2D2C2D2C2D2C2D2C2D2C2D2C2D2C2D2C2D2C2D2C2D2C562C2C2C2C0AB0
04-29-2025 22:55:33.396,1,RECV,7E0061900013A2004182CCB2FFFE42322C342C31382C34312C33312C3138313837302C2D2C2D2C2D2C2D2C2D2C2D2C2D2C2D2C2D2C2D2C2D2C2D2C2D2C2D2C2D2C2D2C2D39322E33392C32342E33352C3130323036302E37302C2D2C2D2C2D2C2D2C2D0AC6
04-29-2025 22:55:37.788,2,RECV,7E0060900013A2004182CCB2FFFE42322C342C31382C34312C33352C35343836382C2D2C2D2C2D2C2D2C2D2C2D2C2D2C2D2C2D2C2D2C2D2C2D2C2D2C2D2C2D2C2D2C2D39322E34362C32342E33362C3130323036302E35352C2D2C2D2C2D2C2D2C2D0AEA
04-29-2025 22:55:43.390,3,RECV,7E0088900013A2004182CCB2FFFE42322C342C31382C34312C33382C3835363836382C302E32392C2D312E39302C392E35312C302E35312C302E32302C2D302E30362C2D302E32312C2D322E31312C392E35372C2D302E31312C302E30322C2D302E30352C302E39392C2D392E35362C2D302E35302C2D342E31322D2C2D2C2D2C2D2C2D2C2D2C2D2C2D0A12
04-29-2025 22:55:44.175,4,RECV,7E0061900013A2004182CCB2FFFE42322C342C31382C34312C34322C3235393837302C2D2C2D2C2D2C2D2C2D2C2D2C2D2C2D2C2D2C2D2C2D2C2D2C2D2C2D2C2D2C2D2C2D39322E33342C32342E33372C3130323035392E34352C2D2C2D2C2D2C2D2C2D0AB7
04-29-2025 22:55:47.426,5,RECV,7E0061900013A2004182CCB2FFFE42322C342C31382C34312C34352C3537343836352C2D2C2D2C2D2C2D2C2D2C2D2C2D2C2D2C2D2C2D2C2D2C2D2C2D2C2D2C2D2C2D2C2D39322E32322C32342E33362C3130323035382E32302C2D2C2D2C2D2C2D2C2D0ABC
04-29-2025 22:55:47.633,6,RECV,7E0088900013A2004182CCB2FFFE42322C342C31382C34312C34352C3635373836362C2D312E35362C2D302E31372C31302E31382C2D302E31302C2D302E30382C302E34382C2D312E34362C2D302E30382C392E36392C302E30302C302E30382C2D302E30362C312E30302C372E38312C352E31392C2D352E39342D2C2D2C2D2C2D2C2D2C2D2C2D2C2D0AFF
04-29-2025 22:55:48.706,7,RECV,7E004C900013A2004182CCB2FFFE42322C342C31382C34312C34352C3638343836322C2D2C2D2C2D2C2D2C2D2C2D2C2D2C2D2C2D2C2D2C2D2C2D2C2D2C2D2C2D2C2D2C2D2C2D2C2D2C562C2C2C2C0AA8
04-29-2025 22:55:48.977,8,RECV,7E0061900013A2004182CCB2FFFE42322C342C31382C34312C34362C3132363836382C2D2C2D2C2D2C2D2C2D2C2D2C2D2C2D2C2D2C2D2C2D2C2D2C2D2C2D2C2D2C2D2C2D39322E32362C32342E33352C3130323035382E32302C2D2C2D2C2D2C2D2C2D0ABC
04-29-2025 22:55:49.663,9,RECV,7E0088900013A2004182CCB2FFFE42322C342C31382C34312C34362C3138313838382C2D302E38382C302E31362C392E37322C302E30372C302E33332C2D302E30332C2D302E39352C2D302E31362C392E37352C2D302E30302C302E30352C2D302E31302C302E39392C342E35302C2D382E38382C2D32332E35302D2C2D2C2D2C2D2C2D2C2D2C2D2C2D0AFA
04-29-2025 22:55:50.624,10,RECV,7E004C900013A2004182CCB2FFFE42322C342C31382C34312C34392C3332323837302C2D2C2D2C2D2C2D2C2D2C2D2C2D2C2D2C2D2C2D2C2D2C2D2C2D2C2D2C2D2C2D2C2D2C2D2C2D2C562C2C2C2C0AB0
04-29-2025 22:56:01.048,11,RECV,7E0061900013A2004182CCB2FFFE42322C342C31382C34312C35362C3635323836382C2D2C2D2C2D2C2D2C2D2C2D2C2D2C2D2C2D2C2D2C2D2C2D2C2D2C2D2C2D2C2D2C2D39322E31392C32342E33332C3130323035382E33342C2D2C2D2C2D2C2D2C2D0AB2
04-29-2025 22:56:07.753,12,RECV,7E0060900013A2004182CCB2FFFE42322C342C31382C34322C352C3532353837302C2D2C2D2C2D2C2D2C2D2C2D2C2D2C2D2C2D2C2D2C2D2C2D2C2D2C2D2C2D2C2D2C2D39322E33322C32342E33352C3130323036302E30332C2D2C2D2C2D2C2D2C2D0AFD
04-29-2025 22:56:29.150,13,RECV,7E004B900013A2004182CCB2FFFE42322C342C31382C34322C32372C36373639312C2D2C2D2C2D2C2D2C2D2C2D2C2D2C2D2C2D2C2D2C2D2C2D2C2D2C2D2C2D2C2D2C2D2C2D2C2D2C562C2C2C2C0ADC
04-29-2025 22:58:34.809,14,RECV,7E0061900013A2004182CCB2FFFE42322C342C31382C34342C33322C3435343836372C2D2C2D2C2D2C2D2C2D2C2D2C2D2C2D2C2D2C2D2C2D2C2D2C2D2C2D2C2D2C2D2C2D39322E33352C32342E39322C3130323036302E37372C2D2C2D2C2D2C2D2C2D0AB3
04-29-2025 22:59:23.158,15,RECV,7E0061900013A2004182CCB2FFFE42322C342C31382C34352C32302C3635383837302C2D2C2D2C2D2C2D2C2D2C2D2C2D2C2D2C2D2C2D2C2D2C2D2C2D2C2D2C2D2C2D2C2D39322E32392C32352E30332C3130323035392E33372C2D2C2D2C2D2C2D2C2D0AB5
04-29-2025 22:59:25.694,16,RECV,7E0061900013A2004182CCB2FFFE42322C342C31382C34352C32322C3836313837302C2D2C2D2C2D2C2D2C2D2C2D2C2D2C2D2C2D2C2D2C2D2C2D2C2D2C2D2C2D2C2D2C2D39322E32342C32352E30332C3130323035382E39322C2D2C2D2C2D2C2D2C2D0ABC
04-29-2025 22:59:26.160,17,RECV,7E0061900013A2004182CCB2FFFE42322C342C31382C34352C32332C3431323837302C2D2C2D2C2D2C2D2C2D2C2D2C2D2C2D2C2D2C2D2C2D2C2D2C2D2C2D2C2D2C2D2C2D39322E32382C32352E30332C3130323035382E37332C2D2C2D2C2D2C2D2C2D0AC0
04-29-2025 22:59:26.991,18,RECV,7E0060900013A2004182CCB2FFFE42322C342C31382C34352C32342C32303930352C2D2C2D2C2D2C2D2C2D2C2D2C2D2C2D2C2D2C2D2C2D2C2D2C2D2C2D2C2D2C2D2C2D2C2D2C2D2C412C323830332E393731302C4E2C30383232352E303134372C570A92
04-29-2025 22:59:27.551,19,RECV,7E0061900013A2004182CCB2FFFE42322C342C31382C34352C32352C3537323837312C2D2C2D2C2D2C2D2C2D2C2D2C2D2C2D2C2D2C2D2C2D2C2D2C2D2C2D2C2D2C2D2C2D2C2D2C2D2C412C323830332E393731302C4E2C30383232352E303134372C570A53
04-29-2025 22:59:28.207,20,RECV,7E0061900013A2004182CCB2FFFE42322C342C31382C34352C32352C3633353835322C2D2C2D2C2D2C2D2C2D2C2D2C2D2C2D2C2D2C2D2C2D2C2D2C2D2C2D2C2D2C2D2C2D39322E33312C32352E30332C3130323035392E32362C2D2C2D2C2D2C2D2C2D0ABE
04-29-2025 22:59:28.829,21,RECV,7E0061900013A2004182CCB2FFFE42322C342C31382C34352C32372C3633393837302C2D2C2D2C2D2C2D2C2D2C2D2C2D2C2D2C2D2C2D2C2D2C2D2C2D2C2D2C2D2C2D2C2D2C2D2C2D2C412C323830332E393731302C4E2C30383232352E303134372C570A4E
04-29-2025 22:59:30.252,22,RECV,7E0061900013A2004182CCB2FFFE42322C342C31382C34352C32372C3837313836372C2D2C2D2C2D2C2D2C2D2C2D2C2D2C2D2C2D2C2D2C2D2C2D2C2D2C2D2C2D2C2D2C2D39322E33382C32352E30322C3130323036302E31382C2D2C2D2C2D2C2D2C2D0AB5
04-29-2025 22:59:31.007,23,RECV,7E0061900013A2004182CCB2FFFE42322C342C31382C34352C32382C3136323837332C2D2C2D2C2D2C2D2C2D2C2D2C2D2C2D2C2D2C2D2C2D2C2D2C2D2C2D2C2D2C2D2C2D2C2D2C2D2C412C323830332E393731302C4E2C30383232352E303134372C570A53
04-29-2025 22:59:31.962,24,RECV,7E0082900013A2004182CCB2FFFE42322C342C31382C34352C32382C3334353836372C312E35322C302E33302C392E37362C302E30302C302E30342C302E30382C312E35312C302E32352C392E36382C302E30302C2D302E30382C2D302E31312C302E39392C302E30302C2D302E37352C302E34342D2C2D2C2D2C2D2C2D2C2D2C2D2C2D0A2C
04-29-2025 22:59:33.000,25,RECV,7E0060900013A2004182CCB2FFFE42322C342C31382C34352C33302C37333836382C2D2C2D2C2D2C2D2C2D2C2D2C2D2C2D2C2D2C2D2C2D2C2D2C2D2C2D2C2D2C2D2C2D39322E33392C32352E30322C3130323035392E31392C2D2C2D2C2D2C2D2C2D0AE6
04-29-2025 22:59:33.305,26,RECV,7E0061900013A2004182CCB2FFFE42322C342C31382C34352C33312C3138303836382C2D2C2D2C2D2C2D2C2D2C2D2C2D2C2D2C2D2C2D2C2D2C2D2C2D2C2D2C2D2C2D2C2D39322E32362C32352E30322C3130323035382E34302C2D2C2D2C2D2C2D2C2D0AC1
04-29-2025 22:59:34.265,27,RECV,7E0061900013A2004182CCB2FFFE42322C342C31382C34352C33312C3236333836382C2D2C2D2C2D2C2D2C2D2C2D2C2D2C2D2C2D2C2D2C2D2C2D2C2D2C2D2C2D2C2D2C2D2C2D2C2D2C412C323830332E393731302C4E2C30383232352E303134372C570A53
04-29-2025 22:59:34.648,28,RECV,7E0086900013A2004182CCB2FFFE42322C342C31382C34352C33312C3438363836372C2D302E38302C2D302E34322C392E38322C2D302E33392C302E33302C302E30342C2D302E34302C2D302E37322C392E37372C2D302E30342C302E30322C302E30312C312E30302C342E36392C312E33372C31312E33312D2C2D2C2D2C2D2C2D2C2D2C2D2C2D0A73
04-29-2025 22:59:35.791,29,RECV,7E0061900013A2004182CCB2FFFE42322C342C31382C34352C33312C3733313837302C2D2C2D2C2D2C2D2C2D2C2D2C2D2C2D2C2D2C2D2C2D2C2D2C2D2C2D2C2D2C2D2C2D39322E32372C32352E30322C3130323035382E34352C2D2C2D2C2D2C2D2C2D0AC0
04-29-2025 22:59:36.491,30,RECV,7E0061900013A2004182CCB2FFFE42322C342C31382C34352C33322C3831313837302C2D2C2D2C2D2C2D2C2D2C2D2C2D2C2D2C2D2C2D2C2D2C2D2C2D2C2D2C2D2C2D2C2D2C2D2C2D2C412C323830332E393731302C4E2C30383232352E303134372C570A5A
04-29-2025 22:59:36.745,31,RECV,7E0061900013A2004182CCB2FFFE42322C342C31382C34352C33342C3336313837322C2D2C2D2C2D2C2D2C2D2C2D2C2D2C2D2C2D2C2D2C2D2C2D2C2D2C2D2C2D2C2D2C2D2C2D2C2D2C412C323830332E393730382C4E2C30383232352E303134372C570A4F
04-29-2025 22:59:37.834,32,RECV,7E0061900013A2004182CCB2FFFE42322C342C31382C34352C33342C3530353836382C2D2C2D2C2D2C2D2C2D2C2D2C2D2C2D2C2D2C2D2C2D2C2D2C2D2C2D2C2D2C2D2C2D39322E32372C32352E30302C3130323035382E39372C2D2C2D2C2D2C2D2C2D0AB2
04-29-2025 22:59:38.172,33,RECV,7E0086900013A2004182CCB2FFFE42322C342C31382C34352C33352C3134383836362C2D302E35342C302E33392C392E37382C2D302E32372C302E33322C2D302E30312C2D302E32362C302E30372C392E38302C302E30302C302E30312C2D302E30332C312E30302C302E38382C2D312E36392C31322E31332D2C2D2C2D2C2D2C2D2C2D2C2D2C2D0A71
04-29-2025 22:59:38.924,34,RECV,7E0061900013A2004182CCB2FFFE42322C342C31382C34352C33362C3432383837302C2D2C2D2C2D2C2D2C2D2C2D2C2D2C2D2C2D2C2D2C2D2C2D2C2D2C2D2C2D2C2D2C2D2C2D2C2D2C412C323830332E393730382C4E2C30383232352E303134372C570A4B
04-29-2025 22:59:39.821,35,RECV,7E0087900013A2004182CCB2FFFE42322C342C31382C34352C33362C3731373836382C2D302E35302C2D302E31322C392E35372C2D302E31382C2D302E31332C2D302E32322C2D302E33312C302E30302C392E38302C302E30302C302E30322C2D302E30332C312E30302C2D322E33372C302E37352C322E30362D2C2D2C2D2C2D2C2D2C2D2C2D2C2D0A61
04-29-2025 22:59:40.985,36,RECV,7E0061900013A2004182CCB2FFFE42322C342C31382C34352C33392C3532363833362C2D2C2D2C2D2C2D2C2D2C2D2C2D2C2D2C2D2C2D2C2D2C2D2C2D2C2D2C2D2C2D2C2D2C2D2C2D2C412C323830332E393730382C4E2C30383232352E303134372C570A47
04-29-2025 22:59:42.071,37,RECV,7E0061900013A2004182CCB2FFFE42322C342C31382C34352C33392C3439383837302C2D2C2D2C2D2C2D2C2D2C2D2C2D2C2D2C2D2C2D2C2D2C2D2C2D2C2D2C2D2C2D2C2D39322E33302C32352E30312C3130323036302E33372C2D2C2D2C2D2C2D2C2D0ABB
04-29-2025 22:59:42.442,38,RECV,7E0087900013A2004182CCB2FFFE42322C342C31382C34352C33392C3836303836382C2D302E31362C2D302E30312C392E35382C302E30392C2D302E30382C2D302E32312C2D302E32352C302E30372C392E38302C302E30302C302E30312C2D302E30312C312E30302C2D312E38372C2D302E37352C302E34342D2C2D2C2D2C2D2C2D2C2D2C2D2C2D0A50
04-29-2025 22:59:43.271,39,RECV,7E0060900013A2004182CCB2FFFE42322C342C31382C34352C34302C34333838312C2D2C2D2C2D2C2D2C2D2C2D2C2D2C2D2C2D2C2D2C2D2C2D2C2D2C2D2C2D2C2D2C2D2C2D2C2D2C412C323830332E393730382C4E2C30383232352E303134372C570A85
04-29-2025 22:59:44.102,40,RECV,7E0060900013A2004182CCB2FFFE42322C342C31382C34352C34302C36363438362C2D2C2D2C2D2C2D2C2D2C2D2C2D2C2D2C2D2C2D2C2D2C2D2C2D2C2D2C2D2C2D2C2D39322E33332C32352E30322C3130323036302E36312C2D2C2D2C2D2C2D2C2D0AF8
04-29-2025 22:59:44.806,41,RECV,7E0061900013A2004182CCB2FFFE42322C342C31382C34352C34322C3832333837302C2D2C2D2C2D2C2D2C2D2C2D2C2D2C2D2C2D2C2D2C2D2C2D2C2D2C2D2C2D2C2D2C2D39322E33382C32352E30332C3130323036312E34352C2D2C2D2C2D2C2D2C2D0ABF
04-29-2025 22:59:45.524,42,RECV,7E0083900013A2004182CCB2FFFE42322C342C31382C34352C34322C3938383837372C2D302E30392C302E30392C392E35362C302E30302C302E30342C2D302E32342C2D302E30382C302E30352C392E38302C302E30302C302E30302C2D302E30312C312E30302C312E30302C312E30302C302E35302D2C2D2C2D2C2D2C2D2C2D2C2D2C2D0A20
04-29-2025 22:59:46.470,43,RECV,7E0061900013A2004182CCB2FFFE42322C342C31382C34352C34332C3134393837312C2D2C2D2C2D2C2D2C2D2C2D2C2D2C2D2C2D2C2D2C2D2C2D2C2D2C2D2C2D2C2D2C2D2C2D2C2D2C412C323830332E393730382C4E2C30383232352E303134382C570A4B
04-29-2025 22:59:47.109,44,RECV,7E0061900013A2004182CCB2FFFE42322C342C31382C34352C34332C3337343836392C2D2C2D2C2D2C2D2C2D2C2D2C2D2C2D2C2D2C2D2C2D2C2D2C2D2C2D2C2D2C2D2C2D39322E34342C32352E30342C3130323036302E39312C2D2C2D2C2D2C2D2C2D0AB7
04-29-2025 22:59:47.622,45,RECV,7E0060900013A2004182CCB2FFFE42322C342C31382C34352C34352C33333837312C2D2C2D2C2D2C2D2C2D2C2D2C2D2C2D2C2D2C2D2C2D2C2D2C2D2C2D2C2D2C2D2C2D39322E34392C32352E30342C3130323036312E38382C2D2C2D2C2D2C2D2C2D0AE8
04-29-2025 22:59:48.341,46,RECV,7E008A900013A2004182CCB2FFFE42322C342C31382C34352C34362C3133323836392C302E37362C2D302E34342C392E34372C302E30302C2D302E31332C2D302E32392C302E37372C2D302E33322C392E37372C2D302E30322C2D302E30342C2D302E30352C312E30302C2D31312E37352C2D312E33312C2D332E32352D2C2D2C2D2C2D2C2D2C2D2C2D2C2D0ABC
04-29-2025 22:59:49.366,47,RECV,7E0061900013A2004182CCB2FFFE42322C342C31382C34352C34362C3135393837392C2D2C2D2C2D2C2D2C2D2C2D2C2D2C2D2C2D2C2D2C2D2C2D2C2D2C2D2C2D2C2D2C2D39322E34372C32352E30352C3130323036302E35312C2D2C2D2C2D2C2D2C2D0AB2
04-29-2025 22:59:50.518,48,RECV,7E0061900013A2004182CCB2FFFE42322C342C31382C34352C34362C3235333838332C2D2C2D2C2D2C2D2C2D2C2D2C2D2C2D2C2D2C2D2C2D2C2D2C2D2C2D2C2D2C2D2C2D2C2D2C2D2C412C323830332E393730382C4E2C30383232352E303134382C570A49
04-29-2025 22:59:50.949,49,RECV,7E0087900013A2004182CCB2FFFE42322C342C31382C34352C34362C3635353836382C302E39332C2D302E33372C392E36342C2D302E31392C302E30312C2D302E32332C302E39342C2D302E34302C392E37352C2D302E30322C2D302E30352C2D302E30352C312E30302C302E33312C312E31392C2D342E31392D2C2D2C2D2C2D2C2D2C2D2C2D2C2D0A3F
04-29-2025 22:59:51.539,50,RECV,7E0064900013A2004182CCB2FFFE42322C342C31382C34352C34392C3837313836392C2D2C2D2C2D2C2D2C2D2C2D2C2D2C2D2C2D2C2D2C2D2C2D2C2D2C2D2C2D2C2D2C2D2C2D2C2D2C323830332E393730302C4E2C30383232352E303134312C572C302E36350AC3
04-29-2025 22:59:52.625,51,RECV,7E0060900013A2004182CCB2FFFE42322C342C31382C34352C35302C33373837302C2D2C2D2C2D2C2D2C2D2C2D2C2D2C2D2C2D2C2D2C2D2C2D2C2D2C2D2C2D2C2D2C2D39322E33382C32352E30352C3130323036302E36332C2D2C2D2C2D2C2D2C2D0AF2
04-29-2025 22:59:52.992,52,RECV,7E0086900013A2004182CCB2FFFE42322C342C31382C34352C35302C3330383836382C302E39392C302E30332C392E36362C2D302E30382C302E32352C2D302E30382C312E30372C2D302E32322C392E37342C2D302E30312C2D302E30352C2D302E30362C312E30302C2D302E33312C312E30302C302E35302D2C2D2C2D2C2D2C2D2C2D2C2D2C2D0A87
04-29-2025 22:59:53.569,53,RECV,7E0064900013A2004182CCB2FFFE42322C342C31382C34352C35302C3338373836392C2D2C2D2C2D2C2D2C2D2C2D2C2D2C2D2C2D2C2D2C2D2C2D2C2D2C2D2C2D2C2D2C2D2C2D2C2D2C323830332E393730302C4E2C30383232352E303134312C572C302E36350AC9
04-29-2025 22:59:54.797,54,RECV,7E0061900013A2004182CCB2FFFE42322C342C31382C34352C35302C3538393837302C2D2C2D2C2D2C2D2C2D2C2D2C2D2C2D2C2D2C2D2C2D2C2D2C2D2C2D2C2D2C2D2C2D39322E34302C32352E30352C3130323036312E33302C2D2C2D2C2D2C2D2C2D0AC2
04-29-2025 22:59:54.924,55,RECV,7E0061900013A2004182CCB2FFFE42322C342C31382C34352C35332C3335303836352C2D2C2D2C2D2C2D2C2D2C2D2C2D2C2D2C2D2C2D2C2D2C2D2C2D2C2D2C2D2C2D2C2D39322E34342C32352E30362C3130323036312E33312C2D2C2D2C2D2C2D2C2D0AC3
04-29-2025 22:59:56.809,56,RECV,7E0064900013A2004182CCB2FFFE42322C342C31382C34352C35332C3438383836332C2D2C2D2C2D2C2D2C2D2C2D2C2D2C2D2C2D2C2D2C2D2C2D2C2D2C2D2C2D2C2D2C2D2C2D2C2D2C323830332E393730302C4E2C30383232352E303134312C572C302E36350ACA
04-29-2025 22:59:57.442,57,RECV,7E0061900013A2004182CCB2FFFE42322C342C31382C34352C35332C3930363836372C2D2C2D2C2D2C2D2C2D2C2D2C2D2C2D2C2D2C2D2C2D2C2D2C2D2C2D2C2D2C2D2C2D39322E34312C32352E30362C3130323036302E35372C2D2C2D2C2D2C2D2C2D0AB6
04-29-2025 22:59:59.484,58,RECV,7E0061900013A2004182CCB2FFFE42322C342C31382C34352C35372C3235333836372C2D2C2D2C2D2C2D2C2D2C2D2C2D2C2D2C2D2C2D2C2D2C2D2C2D2C2D2C2D2C2D2C2D39322E33362C32352E30372C3130323035392E39362C2D2C2D2C2D2C2D2C2D0AA7
04-29-2025 23:00:15.323,59,RECV,7E0061900013A2004182CCB2FFFE42322C342C31382C34362C31312C3535373837302C2D2C2D2C2D2C2D2C2D2C2D2C2D2C2D2C2D2C2D2C2D2C2D2C2D2C2D2C2D2C2D2C2D2C2D2C2D2C412C323830332E393639382C4E2C30383232352E303134322C570A4B
04-29-2025 23:00:16.083,60,RECV,7E0061900013A2004182CCB2FFFE42322C342C31382C34362C31312C3634343835352C2D2C2D2C2D2C2D2C2D2C2D2C2D2C2D2C2D2C2D2C2D2C2D2C2D2C2D2C2D2C2D2C2D39322E34382C32352E30372C3130323036312E30392C2D2C2D2C2D2C2D2C2D0AB9
04-29-2025 23:00:28.592,61,RECV,7E0061900013A2004182CCB2FFFE42322C342C31382C34362C32362C3534393837302C2D2C2D2C2D2C2D2C2D2C2D2C2D2C2D2C2D2C2D2C2D2C2D2C2D2C2D2C2D2C2D2C2D2C2D2C2D2C412C323830332E393639392C4E2C30383232352E303134322C570A43
04-29-2025 23:00:34.036,62,RECV,7E0061900013A2004182CCB2FFFE42322C342C31382C34362C33302C3638393836382C2D2C2D2C2D2C2D2C2D2C2D2C2D2C2D2C2D2C2D2C2D2C2D2C2D2C2D2C2D2C2D2C2D2C2D2C2D2C412C323830332E393639392C4E2C30383232352E303134322C570A3C
04-29-2025 23:00:37.088,63,RECV,7E0086900013A2004182CCB2FFFE42322C342C31382C34362C33342C3236343836392C332E36312C302E37362C392E36382C302E34322C2D302E31332C302E34352C332E31382C302E38392C392E32332C302E30322C2D302E31372C2D302E31362C302E39372C312E34342C2D31332E38382C2D31342E31392D2C2D2C2D2C2D2C2D2C2D2C2D2C2D0A3B
04-29-2025 23:00:37.832,64,RECV,7E0061900013A2004182CCB2FFFE42322C342C31382C34362C33342C3330383836392C2D2C2D2C2D2C2D2C2D2C2D2C2D2C2D2C2D2C2D2C2D2C2D2C2D2C2D2C2D2C2D2C2D2C2D2C2D2C412C323830332E393639392C4E2C30383232352E303134322C570A43
04-29-2025 23:00:38.273,65,RECV,7E0085900013A2004182CCB2FFFE42322C342C31382C34362C33352C3330353837302C312E36352C302E39342C392E33362C2D302E31392C302E32322C2D302E33312C312E36362C302E38322C392E36322C302E30332C2D302E30392C2D302E31392C302E39382C2D302E38312C31302E31392C362E32352D2C2D2C2D2C2D2C2D2C2D2C2D2C2D0A82
04-29-2025 23:00:39.559,66,RECV,7E0086900013A2004182CCB2FFFE42322C342C31382C34362C33362C3837353836362C332E31332C312E38382C392E38332C312E36342C302E32342C302E32372C312E34382C312E36342C392E35352C302E30372C2D302E30392C2D302E32312C302E39372C2D362E37352C2D31372E38372C2D31302E31332D2C2D2C2D2C2D2C2D2C2D2C2D2C2D0A2B
04-29-2025 23:00:40.621,67,RECV,7E0061900013A2004182CCB2FFFE42322C342C31382C34362C33372C3135393836332C2D2C2D2C2D2C2D2C2D2C2D2C2D2C2D2C2D2C2D2C2D2C2D2C2D2C2D2C2D2C2D2C2D39322E32332C32342E39372C3130323035392E33302C2D2C2D2C2D2C2D2C2D0AAF
04-29-2025 23:00:44.734,68,RECV,7E0061900013A2004182CCB2FFFE42322C342C31382C34362C34322C3537343837322C2D2C2D2C2D2C2D2C2D2C2D2C2D2C2D2C2D2C2D2C2D2C2D2C2D2C2D2C2D2C2D2C2D2C2D2C2D2C412C323830332E393639392C4E2C30383232352E303134322C570A45
04-29-2025 23:00:45.556,69,RECV,7E0082900013A2004182CCB2FFFE42322C342C31382C34362C34322C3634333835352C322E35372C312E37342C392E33332C302E30332C302E31372C302E30302C322E35332C312E35372C392E33342C302E30352C2D302E31352C2D302E32322C302E39362C322E34342C312E36392C2D302E34342D2C2D2C2D2C2D2C2D2C2D2C2D2C2D0A18
04-29-2025 23:00:49.539,70,RECV,7E0061900013A2004182CCB2FFFE42322C342C31382C34362C34362C3537363837302C2D2C2D2C2D2C2D2C2D2C2D2C2D2C2D2C2D2C2D2C2D2C2D2C2D2C2D2C2D2C2D2C2D39322E33362C32342E39352C3130323036302E31332C2D2C2D2C2D2C2D2C2D0AB3
04-29-2025 23:00:49.855,71,RECV,7E0061900013A2004182CCB2FFFE42322C342C31382C34362C34362C3730343837302C2D2C2D2C2D2C2D2C2D2C2D2C2D2C2D2C2D2C2D2C2D2C2D2C2D2C2D2C2D2C2D2C2D2C2D2C2D2C412C323830332E393639392C4E2C30383232352E303134322C570A48
04-29-2025 23:00:50.607,72,RECV,7E0084900013A2004182CCB2FFFE42322C342C31382C34362C34362C3832373836382C322E33332C312E31342C392E39352C2D302E30312C302E33382C302E34362C322E33342C302E37362C392E34392C302E30312C2D302E31332C2D302E32302C302E39372C302E34342C302E34342C2D31302E37352D2C2D2C2D2C2D2C2D2C2D2C2D2C2D0AAF
04-29-2025 23:00:52.710,73,RECV,7E0061900013A2004182CCB2FFFE42322C342C31382C34362C34392C3839323837302C2D2C2D2C2D2C2D2C2D2C2D2C2D2C2D2C2D2C2D2C2D2C2D2C2D2C2D2C2D2C2D2C2D39322E33302C32342E39342C3130323035392E35362C2D2C2D2C2D2C2D2C2D0AA7
04-29-2025 23:00:55.165,74,RECV,7E0061900013A2004182CCB2FFFE42322C342C31382C34362C35322C3637323836372C2D2C2D2C2D2C2D2C2D2C2D2C2D2C2D2C2D2C2D2C2D2C2D2C2D2C2D2C2D2C2D2C2D39322E32382C32342E39332C3130323035392E33302C2D2C2D2C2D2C2D2C2D0AAD
04-29-2025 23:00:57.081,75,RECV,7E0061900013A2004182CCB2FFFE42322C342C31382C34362C35342C3837363837302C2D2C2D2C2D2C2D2C2D2C2D2C2D2C2D2C2D2C2D2C2D2C2D2C2D2C2D2C2D2C2D2C2D39322E33382C32342E39332C3130323036302E31362C2D2C2D2C2D2C2D2C2D0AAE
04-29-2025 23:00:58.207,76,RECV,7E0086900013A2004182CCB2FFFE42322C342C31382C34362C35352C3139393836392C322E33362C322E34352C392E33332C2D302E30362C312E34312C2D302E31302C322E34322C312E30332C392E34342C302E30332C2D302E31332C2D302E32312C302E39372C2D32362E33372C302E38312C31382E35302D2C2D2C2D2C2D2C2D2C2D2C2D2C2D0A58
04-29-2025 23:00:59.349,77,RECV,7E0061900013A2004182CCB2FFFE42322C342C31382C34362C35352C3432373837302C2D2C2D2C2D2C2D2C2D2C2D2C2D2C2D2C2D2C2D2C2D2C2D2C2D2C2D2C2D2C2D2C2D39322E33352C32342E39322C3130323035392E32302C2D2C2D2C2D2C2D2C2D0AB6
04-29-2025 23:01:02.782,78,RECV,7E0061900013A2004182CCB2FFFE42322C342C31382C34362C35392C3131333837302C2D2C2D2C2D2C2D2C2D2C2D2C2D2C2D2C2D2C2D2C2D2C2D2C2D2C2D2C2D2C2D2C2D2C2D2C2D2C412C323830332E393730302C4E2C30383232352E303134322C570A5B
04-29-2025 23:01:04.053,79,RECV,7E0061900013A2004182CCB2FFFE42322C342C31382C34362C35392C3331343836392C2D2C2D2C2D2C2D2C2D2C2D2C2D2C2D2C2D2C2D2C2D2C2D2C2D2C2D2C2D2C2D2C2D39322E34302C32342E39322C3130323036302E38302C2D2C2D2C2D2C2D2C2D0AB5
04-29-2025 23:01:04.308,80,RECV,7E0060900013A2004182CCB2FFFE42322C342C31382C34372C302C3636363837312C2D2C2D2C2D2C2D2C2D2C2D2C2D2C2D2C2D2C2D2C2D2C2D2C2D2C2D2C2D2C2D2C2D2C2D2C2D2C412C323830332E393730302C4E2C30383232352E303134322C570A8A
04-29-2025 23:01:05.135,81,RECV,7E0060900013A2004182CCB2FFFE42322C342C31382C34372C322C3231343836392C2D2C2D2C2D2C2D2C2D2C2D2C2D2C2D2C2D2C2D2C2D2C2D2C2D2C2D2C2D2C2D2C2D2C2D2C2D2C412C323830332E393730302C4E2C30383232352E303134322C570A8C
04-29-2025 23:01:06.105,82,RECV,7E0083900013A2004182CCB2FFFE42322C342C31382C34372C322C3533313837302C322E30332C302E37352C392E37392C2D302E32322C302E32332C302E32362C322E32352C302E35322C392E35322C2D302E30302C2D302E31322C2D302E32332C302E39372C382E31392C342E33372C2D322E33312D2C2D2C2D2C2D2C2D2C2D2C2D2C2D0AFA
04-29-2025 23:01:06.659,83,RECV,7E0060900013A2004182CCB2FFFE42322C342C31382C34372C322C3634333837372C2D2C2D2C2D2C2D2C2D2C2D2C2D2C2D2C2D2C2D2C2D2C2D2C2D2C2D2C2D2C2D2C2D39322E35332C32342E39332C3130323036332E30392C2D2C2D2C2D2C2D2C2D0AE3
04-29-2025 23:01:07.740,84,RECV,7E0060900013A2004182CCB2FFFE42322C342C31382C34372C352C3331303837322C2D2C2D2C2D2C2D2C2D2C2D2C2D2C2D2C2D2C2D2C2D2C2D2C2D2C2D2C2D2C2D2C2D2C2D2C2D2C412C323830332E393730312C4E2C30383232352E303134322C570A91
04-29-2025 23:01:08.374,85,RECV,7E0060900013A2004182CCB2FFFE42322C342C31382C34372C352C3431343837302C2D2C2D2C2D2C2D2C2D2C2D2C2D2C2D2C2D2C2D2C2D2C2D2C2D2C2D2C2D2C2D2C2D39322E34362C32342E39322C3130323036322E31372C2D2C2D2C2D2C2D2C2D0AEC
04-29-2025 23:01:09.071,86,RECV,7E0060900013A2004182CCB2FFFE42322C342C31382C34372C372C3632353837302C2D2C2D2C2D2C2D2C2D2C2D2C2D2C2D2C2D2C2D2C2D2C2D2C2D2C2D2C2D2C2D2C2D39322E34382C32342E39332C3130323036322E34382C2D2C2D2C2D2C2D2C2D0ADF
04-29-2025 23:01:10.529,87,RECV,7E0060900013A2004182CCB2FFFE42322C342C31382C34372C372C3839383837302C2D2C2D2C2D2C2D2C2D2C2D2C2D2C2D2C2D2C2D2C2D2C2D2C2D2C2D2C2D2C2D2C2D2C2D2C2D2C412C323830332E393730312C4E2C30383232352E303134322C570A7C
04-29-2025 23:01:11.864,88,RECV,7E0084900013A2004182CCB2FFFE42322C342C31382C34372C382C3238363836372C322E32392C302E31382C392E32392C302E30312C2D302E31312C2D302E31382C322E32302C302E32372C392E35352C2D302E30312C2D302E31312C2D302E32352C302E39362C302E33312C2D302E34342C322E36322D2C2D2C2D2C2D2C2D2C2D2C2D2C2D0ACE
04-29-2025 23:01:12.625,89,RECV,7E0084900013A2004182CCB2FFFE42322C342C31382C34372C31302C3337373837302C322E30302C312E31322C392E34312C2D302E31342C302E30382C2D302E31302C322E31352C312E30332C392E35312C302E30332C2D302E31322C2D302E32312C302E39372C32362E33372C382E36332C302E32352D2C2D2C2D2C2D2C2D2C2D2C2D2C2D0AD9
04-29-2025 23:01:14.087,90,RECV,7E0061900013A2004182CCB2FFFE42322C342C31382C34372C31312C3532323830322C2D2C2D2C2D2C2D2C2D2C2D2C2D2C2D2C2D2C2D2C2D2C2D2C2D2C2D2C2D2C2D2C2D2C2D2C2D2C412C323830332E393730332C4E2C30383232352E303134312C570A65
04-29-2025 23:01:16.158,91,RECV,7E0085900013A2004182CCB2FFFE42322C342C31382C34372C31342C3535383836382C312E38392C312E32312C392E35362C302E31322C302E37352C2D302E30372C312E37382C302E34352C392E36332C302E30302C2D302E30392C2D302E32302C302E39382C312E31392C2D31332E34342C31332E38312D2C2D2C2D2C2D2C2D2C2D2C2D2C2D0A72
04-29-2025 23:01:16.982,92,RECV,7E0061900013A2004182CCB2FFFE42322C342C31382C34372C31342C3632383836392C2D2C2D2C2D2C2D2C2D2C2D2C2D2C2D2C2D2C2D2C2D2C2D2C2D2C2D2C2D2C2D2C2D2C2D2C2D2C412C323830332E393730332C4E2C30383232352E303134312C570A4E
04-29-2025 23:01:17.363,93,RECV,7E0061900013A2004182CCB2FFFE42322C342C31382C34372C31342C3833373837302C2D2C2D2C2D2C2D2C2D2C2D2C2D2C2D2C2D2C2D2C2D2C2D2C2D2C2D2C2D2C2D2C2D39322E33372C32342E38382C3130323036302E34322C2D2C2D2C2D2C2D2C2D0AB2
04-29-2025 23:01:18.507,94,RECV,7E0082900013A2004182CCB2FFFE42322C342C31382C34372C31352C38313836372C312E38382C302E36342C392E35322C302E31372C302E30352C2D302E31302C312E37312C302E35382C392E36332C302E30312C2D302E30392C2D302E32302C302E39382C312E33372C2D312E34342C322E32352D2C2D2C2D2C2D2C2D2C2D2C2D2C2D0A1B
04-29-2025 23:01:19.140,95,RECV,7E0061900013A2004182CCB2FFFE42322C342C31382C34372C31352C3134343836392C2D2C2D2C2D2C2D2C2D2C2D2C2D2C2D2C2D2C2D2C2D2C2D2C2D2C2D2C2D2C2D2C2D2C2D2C2D2C412C323830332E393730332C4E2C30383232352E303134312C570A54
04-29-2025 23:01:19.775,96,RECV,7E0061900013A2004182CCB2FFFE42322C342C31382C34372C31382C3134363836372C2D2C2D2C2D2C2D2C2D2C2D2C2D2C2D2C2D2C2D2C2D2C2D2C2D2C2D2C2D2C2D2C2D39322E33342C32342E38372C3130323036302E37302C2D2C2D2C2D2C2D2C2D0AB2
04-29-2025 23:01:20.935,97,RECV,7E0085900013A2004182CCB2FFFE42322C342C31382C34372C31382C3231393836372C312E34372C302E38342C392E33332C2D302E32332C302E32382C2D302E33302C312E37302C302E35352C392E36342C302E30312C2D302E30392C2D302E31382C302E39382C2D362E37352C2D332E30362C372E38372D2C2D2C2D2C2D2C2D2C2D2C2D2C2D0A73
04-29-2025 23:01:21.743,98,RECV,7E0061900013A2004182CCB2FFFE42322C342C31382C34372C31382C3234333533302C2D2C2D2C2D2C2D2C2D2C2D2C2D2C2D2C2D2C2D2C2D2C2D2C2D2C2D2C2D2C2D2C2D2C2D2C2D2C412C323830332E393730332C4E2C30383232352E303134312C570A60
04-29-2025 23:01:21.997,99,RECV,7E0061900013A2004182CCB2FFFE42322C342C31382C34372C31382C3639373836382C2D2C2D2C2D2C2D2C2D2C2D2C2D2C2D2C2D2C2D2C2D2C2D2C2D2C2D2C2D2C2D2C2D39322E33302C32342E38372C3130323035392E36312C2D2C2D2C2D2C2D2C2D0AA2
04-29-2025 23:01:23.138,100,RECV,7E0061900013A2004182CCB2FFFE42322C342C31382C34372C31382C3735373231352C2D2C2D2C2D2C2D2C2D2C2D2C2D2C2D2C2D2C2D2C2D2C2D2C2D2C2D2C2D2C2D2C2D2C2D2C2D2C412C323830332E393730332C4E2C30383232352E303134312C570A56
04-29-2025 23:01:23.281,101,RECV,7E0061900013A2004182CCB2FFFE42322C342C31382C34372C32302C3331363837302C2D2C2D2C2D2C2D2C2D2C2D2C2D2C2D2C2D2C2D2C2D2C2D2C2D2C2D2C2D2C2D2C2D2C2D2C2D2C412C323830332E393730322C4E2C30383232352E303134322C570A5F
04-29-2025 23:01:23.965,102,RECV,7E0061900013A2004182CCB2FFFE42322C342C31382C34372C32302C3833353837312C2D2C2D2C2D2C2D2C2D2C2D2C2D2C2D2C2D2C2D2C2D2C2D2C2D2C2D2C2D2C2D2C2D2C2D2C2D2C412C323830332E393730322C4E2C30383232352E303134322C570A58
04-29-2025 23:01:25.060,103,RECV,7E0061900013A2004182CCB2FFFE42322C342C31382C34372C32312C3439323837302C2D2C2D2C2D2C2D2C2D2C2D2C2D2C2D2C2D2C2D2C2D2C2D2C2D2C2D2C2D2C2D2C2D39322E33302C32342E38352C3130323035392E37332C2D2C2D2C2D2C2D2C2D0AB5
04-29-2025 23:01:25.362,104,RECV,7E0061900013A2004182CCB2FFFE42322C342C31382C34372C32312C3836373837312C2D2C2D2C2D2C2D2C2D2C2D2C2D2C2D2C2D2C2D2C2D2C2D2C2D2C2D2C2D2C2D2C2D2C2D2C2D2C412C323830332E393730322C4E2C30383232352E303134322C570A52
04-29-2025 23:01:26.187,105,RECV,7E0061900013A2004182CCB2FFFE42322C342C31382C34372C32332C3134343837302C2D2C2D2C2D2C2D2C2D2C2D2C2D2C2D2C2D2C2D2C2D2C2D2C2D2C2D2C2D2C2D2C2D39322E33312C32342E38342C3130323035392E37332C2D2C2D2C2D2C2D2C2D0AB9
04-29-2025 23:01:27.011,106,RECV,7E0061900013A2004182CCB2FFFE42322C342C31382C34372C32332C3933333836392C2D2C2D2C2D2C2D2C2D2C2D2C2D2C2D2C2D2C2D2C2D2C2D2C2D2C2D2C2D2C2D2C2D2C2D2C2D2C412C323830332E393730322C4E2C30383232352E303134322C570A4F
04-29-2025 23:01:29.099,107,RECV,7E0061900013A2004182CCB2FFFE42322C342C31382C34372C32372C3536353439322C2D2C2D2C2D2C2D2C2D2C2D2C2D2C2D2C2D2C2D2C2D2C2D2C2D2C2D2C2D2C2D2C2D39322E32392C32342E38332C3130323035392E31352C2D2C2D2C2D2C2D2C2D0AAC
04-29-2025 23:01:29.605,108,RECV,7E0086900013A2004182CCB2FFFE42322C342C31382C34372C32372C3639303836352C312E38362C2D302E30382C392E36392C2D302E33322C302E32372C302E31342C322E31392C2D302E33362C392E35352C2D302E30342C2D302E31312C2D302E32332C302E39372C332E36392C332E37352C2D332E34342D2C2D2C2D2C2D2C2D2C2D2C2D2C2D0A47
04-29-2025 23:01:30.744,109,RECV,7E0060900013A2004182CCB2FFFE42322C342C31382C34372C32382C36353836382C2D2C2D2C2D2C2D2C2D2C2D2C2D2C2D2C2D2C2D2C2D2C2D2C2D2C2D2C2D2C2D2C2D2C2D2C2D2C412C323830332E393730342C4E2C30383232352E303134312C570A7E
04-29-2025 23:01:32.137,110,RECV,7E0087900013A2004182CCB2FFFE42322C342C31382C34372C32382C3231303839322C322E32312C2D302E34392C392E34382C302E31382C2D302E30372C2D302E31302C322E30322C2D302E34312C392E35382C2D302E30352C2D302E31302C2D302E32352C302E39362C2D302E35302C312E33372C302E35362D2C2D2C2D2C2D2C2D2C2D2C2D2C2D0A48
04-29-2025 23:01:32.913,111,RECV,7E0061900013A2004182CCB2FFFE42322C342C31382C34372C32392C3631333837322C2D2C2D2C2D2C2D2C2D2C2D2C2D2C2D2C2D2C2D2C2D2C2D2C2D2C2D2C2D2C2D2C2D2C2D2C2D2C412C323830332E393730342C4E2C30383232352E303134312C570A53
04-29-2025 23:01:33.911,112,RECV,7E0061900013A2004182CCB2FFFE42322C342C31382C34372C33302C3132393837302C2D2C2D2C2D2C2D2C2D2C2D2C2D2C2D2C2D2C2D2C2D2C2D2C2D2C2D2C2D2C2D2C2D2C2D2C2D2C412C323830332E393730342C4E2C30383232352E303134312C570A5B
04-29-2025 23:01:34.245,113,RECV,7E0061900013A2004182CCB2FFFE42322C342C31382C34372C33302C3931323836392C2D2C2D2C2D2C2D2C2D2C2D2C2D2C2D2C2D2C2D2C2D2C2D2C2D2C2D2C2D2C2D2C2D39322E33332C32342E38342C3130323035392E32312C2D2C2D2C2D2C2D2C2D0AB5
04-29-2025 23:01:35.006,114,RECV,7E0061900013A2004182CCB2FFFE42322C342C31382C34372C33322C3139383837302C2D2C2D2C2D2C2D2C2D2C2D2C2D2C2D2C2D2C2D2C2D2C2D2C2D2C2D2C2D2C2D2C2D2C2D2C2D2C412C323830332E393730342C4E2C30383232352E303134312C570A53
04-29-2025 23:01:37.332,115,RECV,7E0061900013A2004182CCB2FFFE42322C342C31382C34372C33342C3736393837302C2D2C2D2C2D2C2D2C2D2C2D2C2D2C2D2C2D2C2D2C2D2C2D2C2D2C2D2C2D2C2D2C2D39322E33342C32342E38352C3130323035392E35392C2D2C2D2C2D2C2D2C2D0AA2
04-29-2025 23:01:38.159,116,RECV,7E0086900013A2004182CCB2FFFE42322C342C31382C34372C33352C34343836372C312E35342C302E33392C392E33362C2D302E31332C302E30372C2D302E32392C312E36382C302E33312C392E36352C2D302E30302C2D302E30392C2D302E32342C302E39372C2D302E36392C2D302E31392C2D312E33372D2C2D2C2D2C2D2C2D2C2D2C2D2C2D0A59
04-29-2025 23:01:49.000,117,RECV,7E0061900013A2004182CCB2FFFE42322C342C31382C34372C34352C3134313837302C2D2C2D2C2D2C2D2C2D2C2D2C2D2C2D2C2D2C2D2C2D2C2D2C2D2C2D2C2D2C2D2C2D2C2D2C2D2C412C323830332E393730342C4E2C30383232352E303134302C570A5C
04-29-2025 23:01:53.250,118,RECV,7E0061900013A2004182CCB2FFFE42322C342C31382C34372C35312C3335303836392C2D2C2D2C2D2C2D2C2D2C2D2C2D2C2D2C2D2C2D2C2D2C2D2C2D2C2D2C2D2C2D2C2D2C2D2C2D2C412C323830332E393730342C4E2C30383232352E303134302C570A55
04-29-2025 23:01:53.677,119,RECV,7E0061900013A2004182CCB2FFFE42322C342C31382C34372C35312C3431303836322C2D2C2D2C2D2C2D2C2D2C2D2C2D2C2D2C2D2C2D2C2D2C2D2C2D2C2D2C2D2C2D2C2D39322E33312C32342E38342C3130323035382E37372C2D2C2D2C2D2C2D2C2D0AB8
04-29-2025 23:01:54.567,120,RECV,7E0088900013A2004182CCB2FFFE42322C342C31382C34372C35312C3830353836382C312E30352C2D302E31312C392E35352C2D302E30392C2D302E30322C2D302E31382C312E31342C2D302E30382C392E37332C2D302E30312C2D302E30362C2D302E31352C302E39392C312E31392C302E33372C2D312E32352D2C2D2C2D2C2D2C2D2C2D2C2D2C2D0A14
04-29-2025 23:01:56.725,121,RECV,7E0061900013A2004182CCB2FFFE42322C342C31382C34372C35342C3136363836392C2D2C2D2C2D2C2D2C2D2C2D2C2D2C2D2C2D2C2D2C2D2C2D2C2D2C2D2C2D2C2D2C2D39322E33362C32342E38332C3130323036302E32332C2D2C2D2C2D2C2D2C2D0AB2
04-29-2025 23:01:57.882,122,RECV,7E008A900013A2004182CCB2FFFE42322C342C31382C34372C35342C3934313836372C322E35312C2D302E39342C382E37332C2D302E34332C302E33332C2D302E37352C322E36352C2D312E33362C392E33342C2D302E31302C2D302E31322C2D302E31392C302E39372C2D31392E35362C31362E30362C31372E30302D2C2D2C2D2C2D2C2D2C2D2C2D2C2D0A8B
04-29-2025 23:01:58.691,123,RECV,7E0061900013A2004182CCB2FFFE42322C342C31382C34372C35342C3937363836392C2D2C2D2C2D2C2D2C2D2C2D2C2D2C2D2C2D2C2D2C2D2C2D2C2D2C2D2C2D2C2D2C2D2C2D2C2D2C412C323830332E393730342C4E2C30383232352E303134302C570A44
04-29-2025 23:01:59.199,124,RECV,7E0060900013A2004182CCB2FFFE42322C342C31382C34372C35382C38313738322C2D2C2D2C2D2C2D2C2D2C2D2C2D2C2D2C2D2C2D2C2D2C2D2C2D2C2D2C2D2C2D2C2D2C2D2C2D2C412C323830332E393730342C4E2C30383232352E303134302C570A83
04-29-2025 23:02:00.406,125,RECV,7E0088900013A2004182CCB2FFFE42322C342C31382C34372C35382C3130313834382C302E37312C2D302E38312C382E35382C2D302E37322C2D312E30302C2D312E31312C312E34342C302E31382C392E36392C2D302E30322C2D302E30372C2D302E33332C302E39342C2D382E33312C342E33312C31352E35302D2C2D2C2D2C2D2C2D2C2D2C2D2C2D0A0B
04-29-2025 23:02:01.170,126,RECV,7E0061900013A2004182CCB2FFFE42322C342C31382C34372C35382C3539363739342C2D2C2D2C2D2C2D2C2D2C2D2C2D2C2D2C2D2C2D2C2D2C2D2C2D2C2D2C2D2C2D2C2D2C2D2C2D2C412C323830332E393730342C4E2C30383232352E303134302C570A45
04-29-2025 23:02:01.361,127,RECV,7E0085900013A2004182CCB2FFFE42322C342C31382C34372C35382C3632333836392C322E31352C302E33302C392E36332C302E33392C2D302E33392C302E30312C312E37362C302E36392C392E36322C302E30302C2D302E31302C2D302E33332C302E39342C2D312E36322C2D312E33372C2D302E37352D2C2D2C2D2C2D2C2D2C2D2C2D2C2D0A89
04-29-2025 23:02:01.932,128,RECV,7E0061900013A2004182CCB2FFFE42322C342C31382C34372C35382C3538313837302C2D2C2D2C2D2C2D2C2D2C2D2C2D2C2D2C2D2C2D2C2D2C2D2C2D2C2D2C2D2C2D2C2D39322E33312C32342E38312C3130323035392E32302C2D2C2D2C2D2C2D2C2D0AB7
04-29-2025 23:02:02.820,129,RECV,7E0061900013A2004182CCB2FFFE42322C342C31382C34372C35392C3131333837302C2D2C2D2C2D2C2D2C2D2C2D2C2D2C2D2C2D2C2D2C2D2C2D2C2D2C2D2C2D2C2D2C2D2C2D2C2D2C412C323830332E393730342C4E2C30383232352E303134302C570A58
04-29-2025 23:02:03.773,130,RECV,7E0060900013A2004182CCB2FFFE42322C342C31382C34382C322C3231383837312C2D2C2D2C2D2C2D2C2D2C2D2C2D2C2D2C2D2C2D2C2D2C2D2C2D2C2D2C2D2C2D2C2D2C2D2C2D2C412C323830332E393730342C4E2C30383232352E303134302C570A8C
04-29-2025 23:02:08.472,131,RECV,7E0060900013A2004182CCB2FFFE42322C342C31382C34382C352C3332383836392C2D2C2D2C2D2C2D2C2D2C2D2C2D2C2D2C2D2C2D2C2D2C2D2C2D2C2D2C2D2C2D2C2D2C2D2C2D2C412C323830332E393730342C4E2C30383232352E303134302C570A80
04-29-2025 23:02:08.934,132,RECV,7E0060900013A2004182CCB2FFFE42322C342C31382C34382C362C3838303837302C2D2C2D2C2D2C2D2C2D2C2D2C2D2C2D2C2D2C2D2C2D2C2D2C2D2C2D2C2D2C2D2C2D2C2D2C2D2C412C323830332E393730342C4E2C30383232352E303134302C570A84
04-29-2025 23:02:09.552,133,RECV,7E0060900013A2004182CCB2FFFE42322C342C31382C34382C362C3931323835322C2D2C2D2C2D2C2D2C2D2C2D2C2D2C2D2C2D2C2D2C2D2C2D2C2D2C2D2C2D2C2D2C2D39322E32372C32342E38312C3130323035392E33302C2D2C2D2C2D2C2D2C2D0AE9
04-29-2025 23:02:10.391,134,RECV,7E0060900013A2004182CCB2FFFE42322C342C31382C34382C372C3436393837302C2D2C2D2C2D2C2D2C2D2C2D2C2D2C2D2C2D2C2D2C2D2C2D2C2D2C2D2C2D2C2D2C2D39322E33312C32342E38312C3130323035392E35362C2D2C2D2C2D2C2D2C2D0ADE
04-29-2025 23:02:10.819,135,RECV,7E0083900013A2004182CCB2FFFE42322C342C31382C34382C392C3132343836392C302E34352C302E32322C392E36302C2D302E30322C302E30312C2D302E31382C302E34382C302E32302C392E37392C302E30302C2D302E30332C2D302E33342C302E39342C302E30362C2D302E35302C302E35302D2C2D2C2D2C2D2C2D2C2D2C2D2C2D0A0F
04-29-2025 23:02:13.544,136,RECV,7E0060900013A2004182CCB2FFFE42322C342C31382C34382C392C3939343837302C2D2C2D2C2D2C2D2C2D2C2D2C2D2C2D2C2D2C2D2C2D2C2D2C2D2C2D2C2D2C2D2C2D2C2D2C2D2C412C323830332E393730342C4E2C30383232352E303134302C570A7B
04-29-2025 23:02:15.638,137,RECV,7E0086900013A2004182CCB2FFFE42322C342C31382C34382C31322C3739383836382C2D302E31362C2D302E35302C392E36332C302E30312C302E31362C2D302E31342C2D302E31382C2D302E36372C392E37382C2D302E30332C302E30322C2D302E33362C302E39332C302E37352C302E35362C302E32352D2C2D2C2D2C2D2C2D2C2D2C2D2C2D0A60
04-29-2025 23:02:15.892,138,RECV,7E0060900013A2004182CCB2FFFE42322C342C31382C34382C31332C32323837302C2D2C2D2C2D2C2D2C2D2C2D2C2D2C2D2C2D2C2D2C2D2C2D2C2D2C2D2C2D2C2D2C2D39322E31372C32342E37392C3130323035382E32312C2D2C2D2C2D2C2D2C2D0AEE
04-29-2025 23:02:26.600,139,RECV,7E0060900013A2004182CCB2FFFE42322C342C31382C34382C32332C32353835392C2D2C2D2C2D2C2D2C2D2C2D2C2D2C2D2C2D2C2D2C2D2C2D2C2D2C2D2C2D2C2D2C2D39322E31352C32342E37352C3130323035382E33382C2D2C2D2C2D2C2D2C2D0AE1
04-29-2025 23:02:27.743,140,RECV,7E0060900013A2004182CCB2FFFE42322C342C31382C34382C32362C36383836382C2D2C2D2C2D2C2D2C2D2C2D2C2D2C2D2C2D2C2D2C2D2C2D2C2D2C2D2C2D2C2D2C2D2C2D2C2D2C412C323830332E393730352C4E2C30383232352E303133392C570A74
04-29-2025 23:02:32.906,141,RECV,7E0061900013A2004182CCB2FFFE42322C342C31382C34382C32392C3638333936392C2D2C2D2C2D2C2D2C2D2C2D2C2D2C2D2C2D2C2D2C2D2C2D2C2D2C2D2C2D2C2D2C2D2C2D2C2D2C412C323830332E393730352C4E2C30383232352E303133392C570A3C
04-29-2025 23:02:45.415,142,RECV,7E0086900013A2004182CCB2FFFE42322C342C31382C34382C34322C3135323836392C302E36332C2D302E32332C392E36342C302E30302C302E30322C2D302E31332C302E36332C2D302E32362C392E37382C2D302E30322C2D302E30332C2D302E32382C302E39362C2D302E38312C332E30302C302E39342D2C2D2C2D2C2D2C2D2C2D2C2D2C2D0A76
04-29-2025 23:02:51.590,143,RECV,7E0061900013A2004182CCB2FFFE42322C342C31382C34382C34382C3339383836392C2D2C2D2C2D2C2D2C2D2C2D2C2D2C2D2C2D2C2D2C2D2C2D2C2D2C2D2C2D2C2D2C2D2C2D2C2D2C412C323830332E393730362C4E2C30383232352E303133392C570A38
04-29-2025 23:02:52.737,144,RECV,7E0061900013A2004182CCB2FFFE42322C342C31382C34382C34392C3637323837302C2D2C2D2C2D2C2D2C2D2C2D2C2D2C2D2C2D2C2D2C2D2C2D2C2D2C2D2C2D2C2D2C2D39322E31362C32342E35372C3130323035382E34392C2D2C2D2C2D2C2D2C2D0AA5
04-29-2025 23:02:57.005,145,RECV,7E0061900013A2004182CCB2FFFE42322C342C31382C34382C35342C3635373835322C2D2C2D2C2D2C2D2C2D2C2D2C2D2C2D2C2D2C2D2C2D2C2D2C2D2C2D2C2D2C2D2C2D39322E31362C32342E35322C3130323035372E38312C2D2C2D2C2D2C2D2C2D0AB0
04-29-2025 23:02:58.253,146,RECV,7E0084900013A2004182CCB2FFFE42322C342C31382C34382C35362C3331373836372C312E33372C302E33352C31302E30352C2D302E30312C302E33322C302E33342C312E33382C302E30332C392E37302C2D302E30322C2D302E30372C2D302E32392C302E39362C302E35302C332E38312C352E32352D2C2D2C2D2C2D2C2D2C2D2C2D2C2D0AC9
04-29-2025 23:02:59.182,147,RECV,7E0061900013A2004182CCB2FFFE42322C342C31382C34382C35362C3334313539382C2D2C2D2C2D2C2D2C2D2C2D2C2D2C2D2C2D2C2D2C2D2C2D2C2D2C2D2C2D2C2D2C2D39322E31352C32342E35312C3130323035372E36362C2D2C2D2C2D2C2D2C2D0AB0
04-29-2025 23:02:59.768,148,RECV,7E0061900013A2004182CCB2FFFE42322C342C31382C34382C35362C3638373837312C2D2C2D2C2D2C2D2C2D2C2D2C2D2C2D2C2D2C2D2C2D2C2D2C2D2C2D2C2D2C2D2C2D2C2D2C2D2C4E2C30383232352E303137362C572C302E30322C3333322E34390A5D
04-29-2025 23:03:00.643,149,RECV,7E0086900013A2004182CCB2FFFE42322C342C31382C34382C35362C3834313836372C302E39342C302E32342C392E36382C2D302E31312C302E33312C2D302E30362C312E30352C2D302E30362C392E37342C2D302E30322C2D302E30352C2D302E32372C302E39362C302E36322C322E33312C2D302E30362D2C2D2C2D2C2D2C2D2C2D2C2D2C2D0A6C
04-29-2025 23:03:01.149,150,RECV,7E0061900013A2004182CCB2FFFE42322C342C31382C34382C35372C3939353837302C2D2C2D2C2D2C2D2C2D2C2D2C2D2C2D2C2D2C2D2C2D2C2D2C2D2C2D2C2D2C2D2C2D39322E31322C32342E35312C3130323035372E39382C2D2C2D2C2D2C2D2C2D0AA5
04-29-2025 23:03:01.909,151,RECV,7E0061900013A2004182CCB2FFFE42322C342C31382C34382C35382C3736353933352C2D2C2D2C2D2C2D2C2D2C2D2C2D2C2D2C2D2C2D2C2D2C2D2C2D2C2D2C2D2C2D2C2D2C2D2C2D2C412C323830332E393731372C4E2C30383232352E303137362C570A3C
04-29-2025 23:03:03.364,152,RECV,7E0088900013A2004182CCB2FFFE42322C342C31382C34392C312C33373836382C312E30352C2D302E32372C392E34372C2D302E33322C2D302E31322C2D302E32332C312E33382C2D302E31342C392E37302C2D302E30342C2D302E30362C2D302E34392C302E38372C2D31312E38382C322E32352C2D322E34342D2C2D2C2D2C2D2C2D2C2D2C2D2C2D0A0D
04-29-2025 23:03:04.568,153,RECV,7E0060900013A2004182CCB2FFFE42322C342C31382C34392C312C3335373533372C2D2C2D2C2D2C2D2C2D2C2D2C2D2C2D2C2D2C2D2C2D2C2D2C2D2C2D2C2D2C2D2C2D2C2D2C2D2C412C323830332E393731372C4E2C30383232352E303137362C570A7C
04-29-2025 23:03:05.707,154,RECV,7E0085900013A2004182CCB2FFFE42322C342C31382C34392C312C3536303836372C312E34392C2D302E31382C392E34342C302E31302C302E30322C2D302E32352C312E33382C2D302E32312C392E37302C2D302E30342C2D302E30362C2D302E35302C302E38362C312E36322C2D312E31392C302E34342D2C2D2C2D2C2D2C2D2C2D2C2D2C2D0AA6
04-29-2025 23:03:06.167,155,RECV,7E0060900013A2004182CCB2FFFE42322C342C31382C34392C322C3931343837322C2D2C2D2C2D2C2D2C2D2C2D2C2D2C2D2C2D2C2D2C2D2C2D2C2D2C2D2C2D2C2D2C2D2C2D2C2D2C412C323830332E393731372C4E2C30383232352E303137362C570A7A
04-29-2025 23:03:06.467,156,RECV,7E0060900013A2004182CCB2FFFE42322C342C31382C34392C332C3533303837302C2D2C2D2C2D2C2D2C2D2C2D2C2D2C2D2C2D2C2D2C2D2C2D2C2D2C2D2C2D2C2D2C2D39322E32302C32342E35302C3130323035382E32302C2D2C2D2C2D2C2D2C2D0AFC
04-29-2025 23:03:07.179,157,RECV,7E0060900013A2004182CCB2FFFE42322C342C31382C34392C342C3633353837302C2D2C2D2C2D2C2D2C2D2C2D2C2D2C2D2C2D2C2D2C2D2C2D2C2D2C2D2C2D2C2D2C2D39322E31302C32342E34392C3130323035372E35312C2D2C2D2C2D2C2D2C2D0AEB
04-29-2025 23:03:07.937,158,RECV,7E0060900013A2004182CCB2FFFE42322C342C31382C34392C352C3530303837312C2D2C2D2C2D2C2D2C2D2C2D2C2D2C2D2C2D2C2D2C2D2C2D2C2D2C2D2C2D2C2D2C2D2C2D2C2D2C412C323830332E393731382C4E2C30383232352E303137362C570A80
04-29-2025 23:03:08.698,159,RECV,7E0089900013A2004182CCB2FFFE42322C342C31382C34392C352C3736323831312C322E37312C2D302E35302C392E32322C2D302E31372C2D302E33312C2D302E31342C322E38392C2D302E31362C392E33362C2D302E30382C2D302E31332C2D302E34392C302E38362C31392E36392C2D362E33312C31322E30302D2C2D2C2D2C2D2C2D2C2D2C2D2C2D0AD3
04-29-2025 23:03:11.928,160,RECV,7E0060900013A2004182CCB2FFFE42322C342C31382C34392C392C3132373533382C2D2C2D2C2D2C2D2C2D2C2D2C2D2C2D2C2D2C2D2C2D2C2D2C2D2C2D2C2D2C2D2C2D2C2D2C2D2C412C323830332E393731382C4E2C30383232352E303137362C570A77
04-29-2025 23:03:16.733,161,RECV,7E0061900013A2004182CCB2FFFE42322C342C31382C34392C31332C3236303837302C2D2C2D2C2D2C2D2C2D2C2D2C2D2C2D2C2D2C2D2C2D2C2D2C2D2C2D2C2D2C2D2C2D2C2D2C2D2C412C323830332E393731382C4E2C30383232352E303137362C570A4F
04-29-2025 23:03:19.769,162,RECV,7E0061900013A2004182CCB2FFFE42322C342C31382C34392C31362C3834353837302C2D2C2D2C2D2C2D2C2D2C2D2C2D2C2D2C2D2C2D2C2D2C2D2C2D2C2D2C2D2C2D2C2D39322E31392C32342E34382C3130323035382E38392C2D2C2D2C2D2C2D2C2D0AA1
04-29-2025 23:03:30.675,163,RECV,7E0061900013A2004182CCB2FFFE42322C342C31382C34392C32372C3733393837312C2D2C2D2C2D2C2D2C2D2C2D2C2D2C2D2C2D2C2D2C2D2C2D2C2D2C2D2C2D2C2D2C2D2C2D2C2D2C412C323830332E393731382C4E2C30383232352E303137362C570A3E
